<?xml version="1.0" encoding="UTF-8"?>
<testng-results ignored="0" total="5" passed="4" failed="1" skipped="0">
  <reporter-output>
  </reporter-output>
  <suite started-at="2022-03-09T13:49:17 CST" name="Paylocity Test Suite" finished-at="2022-03-09T13:49:23 CST" duration-ms="5798">
    <groups>
    </groups>
    <test started-at="2022-03-09T13:49:17 CST" name="Test" finished-at="2022-03-09T13:49:23 CST" duration-ms="5798">
      <class name="org.basic.business.flow.LandingPage">
        <test-method is-config="true" signature="driverInitialize()[pri:0, instance:org.basic.business.flow.LandingPage@5a3bc7ed]" started-at="2022-03-09T13:49:17 CST" name="driverInitialize" finished-at="2022-03-09T13:49:20 CST" duration-ms="2272" status="PASS">
          <reporter-output>
          </reporter-output>
        </test-method> <!-- driverInitialize -->
        <test-method signature="basePage()[pri:0, instance:org.basic.business.flow.LandingPage@5a3bc7ed]" started-at="2022-03-09T13:49:20 CST" name="basePage" finished-at="2022-03-09T13:49:21 CST" duration-ms="1587" status="FAIL">
          <exception class="java.lang.AssertionError">
            <message>
              <![CDATA[expected [Employees - Paylocity Benefit Dashboard] but found [Employees - Paylocity Benefits Dashboard]]]>
            </message>
            <full-stacktrace>
              <![CDATA[java.lang.AssertionError: expected [Employees - Paylocity Benefit Dashboard] but found [Employees - Paylocity Benefits Dashboard]
at org.testng.Assert.fail(Assert.java:99)
at org.testng.Assert.failNotEquals(Assert.java:1037)
at org.testng.Assert.assertEqualsImpl(Assert.java:140)
at org.testng.Assert.assertEquals(Assert.java:122)
at org.testng.Assert.assertEquals(Assert.java:629)
at org.testng.Assert.assertEquals(Assert.java:639)
at org.basic.business.flow.LandingPage.basePage(LandingPage.java:54)
at java.base/jdk.internal.reflect.NativeMethodAccessorImpl.invoke0(Native Method)
at java.base/jdk.internal.reflect.NativeMethodAccessorImpl.invoke(NativeMethodAccessorImpl.java:62)
at java.base/jdk.internal.reflect.DelegatingMethodAccessorImpl.invoke(DelegatingMethodAccessorImpl.java:43)
at java.base/java.lang.reflect.Method.invoke(Method.java:566)
at org.testng.internal.MethodInvocationHelper.invokeMethod(MethodInvocationHelper.java:133)
at org.testng.internal.TestInvoker.invokeMethod(TestInvoker.java:598)
at org.testng.internal.TestInvoker.invokeTestMethod(TestInvoker.java:173)
at org.testng.internal.MethodRunner.runInSequence(MethodRunner.java:46)
at org.testng.internal.TestInvoker$MethodInvocationAgent.invoke(TestInvoker.java:824)
at org.testng.internal.TestInvoker.invokeTestMethods(TestInvoker.java:146)
at org.testng.internal.TestMethodWorker.invokeTestMethods(TestMethodWorker.java:146)
at org.testng.internal.TestMethodWorker.run(TestMethodWorker.java:128)
at java.base/java.util.ArrayList.forEach(ArrayList.java:1541)
at org.testng.TestRunner.privateRun(TestRunner.java:794)
at org.testng.TestRunner.run(TestRunner.java:596)
at org.testng.SuiteRunner.runTest(SuiteRunner.java:377)
at org.testng.SuiteRunner.runSequentially(SuiteRunner.java:371)
at org.testng.SuiteRunner.privateRun(SuiteRunner.java:332)
at org.testng.SuiteRunner.run(SuiteRunner.java:276)
at org.testng.SuiteRunnerWorker.runSuite(SuiteRunnerWorker.java:53)
at org.testng.SuiteRunnerWorker.run(SuiteRunnerWorker.java:96)
at org.testng.TestNG.runSuitesSequentially(TestNG.java:1212)
at org.testng.TestNG.runSuitesLocally(TestNG.java:1134)
at org.testng.TestNG.runSuites(TestNG.java:1063)
at org.testng.TestNG.run(TestNG.java:1031)
at org.testng.remote.AbstractRemoteTestNG.run(AbstractRemoteTestNG.java:115)
at org.testng.remote.RemoteTestNG.initAndRun(RemoteTestNG.java:251)
at org.testng.remote.RemoteTestNG.main(RemoteTestNG.java:77)
]]>
            </full-stacktrace>
          </exception> <!-- java.lang.AssertionError -->
          <reporter-output>
          </reporter-output>
        </test-method> <!-- basePage -->
        <test-method signature="userdetailsAdd(java.lang.String,java.lang.String)[pri:0, instance:org.basic.business.flow.LandingPage@5a3bc7ed]" started-at="2022-03-09T13:49:22 CST" name="userdetailsAdd" data-provider="getAddUserData" finished-at="2022-03-09T13:49:22 CST" duration-ms="458" status="PASS">
          <params>
            <param index="0">
              <value>
                <![CDATA[firstname12]]>
              </value>
            </param>
            <param index="1">
              <value>
                <![CDATA[lastname12]]>
              </value>
            </param>
          </params>
          <reporter-output>
          </reporter-output>
        </test-method> <!-- userdetailsAdd -->
        <test-method signature="userdetailsEdit(java.lang.String,java.lang.String,java.lang.String,java.lang.String)[pri:0, instance:org.basic.business.flow.LandingPage@5a3bc7ed]" started-at="2022-03-09T13:49:22 CST" name="userdetailsEdit" data-provider="getEditUserData" finished-at="2022-03-09T13:49:23 CST" depends-on-methods="org.basic.business.flow.LandingPage.userdetailsAdd" duration-ms="739" status="PASS">
          <params>
            <param index="0">
              <value>
                <![CDATA[firstname12]]>
              </value>
            </param>
            <param index="1">
              <value>
                <![CDATA[lastname12]]>
              </value>
            </param>
            <param index="2">
              <value>
                <![CDATA[firstname21]]>
              </value>
            </param>
            <param index="3">
              <value>
                <![CDATA[lastname21]]>
              </value>
            </param>
          </params>
          <reporter-output>
          </reporter-output>
        </test-method> <!-- userdetailsEdit -->
        <test-method signature="userdetailsValidation(java.lang.String,java.lang.String,java.lang.String,java.lang.String,java.lang.String,java.lang.String,java.lang.String)[pri:0, instance:org.basic.business.flow.LandingPage@5a3bc7ed]" started-at="2022-03-09T13:49:23 CST" name="userdetailsValidation" data-provider="getValidateUser" finished-at="2022-03-09T13:49:23 CST" depends-on-methods="org.basic.business.flow.LandingPage.userdetailsEdit" duration-ms="205" status="PASS">
          <params>
            <param index="0">
              <value>
                <![CDATA[firstname21]]>
              </value>
            </param>
            <param index="1">
              <value>
                <![CDATA[lastname21]]>
              </value>
            </param>
            <param index="2">
              <value>
                <![CDATA[2]]>
              </value>
            </param>
            <param index="3">
              <value>
                <![CDATA[52000.00]]>
              </value>
            </param>
            <param index="4">
              <value>
                <![CDATA[2000.00]]>
              </value>
            </param>
            <param index="5">
              <value>
                <![CDATA[76.92]]>
              </value>
            </param>
            <param index="6">
              <value>
                <![CDATA[1923.08]]>
              </value>
            </param>
          </params>
          <reporter-output>
          </reporter-output>
        </test-method> <!-- userdetailsValidation -->
        <test-method signature="userdetailsWipeOut(java.lang.String,java.lang.String)[pri:0, instance:org.basic.business.flow.LandingPage@5a3bc7ed]" started-at="2022-03-09T13:49:23 CST" name="userdetailsWipeOut" data-provider="DeleteUser" finished-at="2022-03-09T13:49:23 CST" depends-on-methods="org.basic.business.flow.LandingPage.userdetailsEdit" duration-ms="135" status="PASS">
          <params>
            <param index="0">
              <value>
                <![CDATA[firstname21]]>
              </value>
            </param>
            <param index="1">
              <value>
                <![CDATA[lastname21]]>
              </value>
            </param>
          </params>
          <reporter-output>
          </reporter-output>
        </test-method> <!-- userdetailsWipeOut -->
        <test-method is-config="true" signature="closeWindow()[pri:0, instance:org.basic.business.flow.LandingPage@5a3bc7ed]" started-at="2022-03-09T13:49:23 CST" name="closeWindow" finished-at="2022-03-09T13:49:23 CST" duration-ms="71" status="PASS">
          <reporter-output>
          </reporter-output>
        </test-method> <!-- closeWindow -->
      </class> <!-- org.basic.business.flow.LandingPage -->
    </test> <!-- Test -->
  </suite> <!-- Paylocity Test Suite -->
</testng-results>
